"f4908ef9dfc9753c336b57bcfb041e97": 0_gikerwan
"7bcd066d79e174eaa4e4f010c8c8e977": 105
"ad8f3a06c57c775181114a2fe1c4f3fd": 1111
"9da0c78f954fda25d3c451b7d8c4d5b0": 1111_gaoma
"2fa4d27f21b51e9533338d455b39c985": 1111_gongfei
"e62d527b550337e540f9dcab364e7dcf": 1111gaoma
"1219413b6deae8c6a54903204625a0df": 1111gongfei
"076e1774b3e1f2bf2861af956020f3ad": 115
"10a483e0c619d4478063930bc94d5750": 115yun
"9a9b28fa0a04aeb2ba7d3861e17516db": 11Pshare
"8dedc06645c22809478abbb9dde11edb": 2020
"550ae07bf29b40021f2a8eac90916c95": 23Studio
"280bce40a409c8a837e85bd8d5dcabd9": 404
"df957f8cb561b8344ab7b6a0156b5ef3": 69yun
"dc5cc185a1b8f3a579d7514c2f1f394a": 69yun_dpx
"da951ed0f1090ee64dd1dd5778dac5d3": 69yun_jms
"3e3d0efd1d92839c43ce36e8ce652750": 69yun_pornemby
"f7de5fe261d2586014a2d2d809dd54ab": 9club
"3810771a0b03b8e74c323a4238e3894f": AcEmby
"f02e42ccdc529f4dd0938faf0f8e8d52": AcEmby1
"f24344705c78c79536e13921153820e4": Acg
"b1393b6d074ce635b90a65f620d3d57d": Acg1
"4ce37a870f35666c3de41d37dfbb97d7": Agan
"b1cd5d075e88b9ea432b88fd8e9334f1": Agan
"43946ac55fa19e482d0bf52b14ff6768": Akuai
"87d6e871fc08a662ac955e4ccdd23287": Akuai
"e6bdf9f5a16907ca1fd99e619b834bbc": Aladdin
"acbe309830be150aaf7079de0b14ea34": Alist
"970badfa721fd0e53ba80990d9e3b346": ALiYun
"ec639afd57e4a7959dee8028b5f32f2e": Alpha
"c79109831577de4a1bcd45613ef1152d": Alpha_omega1
"d05f047f060caeaa7f911b3ca13d620f": Alpha_omega2
"d105a83ca01cc4d5243acf0e8437c317": Alpha_omega3
"0f1cca194b1ab72126e2385ec9fb5033": AlphaChild
"cda868dcaac96f13b6e7a516dcf65e22": AlphaTV2
"ef6b290ed7085982a84dbee5e99198a6": AlphaTV3
"31d081839b93c4ed426900d8cb105cdf": AlphaTV_pro
"dbfeb9c9d36a02ec5c9dae19c8e2f50d": AlphaTV_pro1
"833ee5d368e9486701e4c034384dc307": AlphaTVOG
"6d88a9d60cb962ebac7e9e8cbbd3de00": AlphaTVOG1
"01c2b40575fc825a8ece256cd07e17cf": AlphaTVOG2
"6dd439724a7eb2ce5b95bcdc73d2e24f": AlphaTVOG3
"a02f5cc439c289dff2adce1a33a5f2aa": AlphaTVOG4
"99a4cd207af455bbd97bcdcd7aaceee4": AlphaTVOGPro
"c09eabbd466ab06a7d1ec54021b3cba2": AlphaTVOGX
"9b9ede52bcd22b040223f3a32283fcd3": AlphaTVOGX1
"c2c489757d68a329b2cc52d2cad83ea9": AlphaTVOPro1
"16babd08ea07a3bb6230d55744dd297d": Alphatvx
"14ff30ae72df9d447dcd1db84a40cf9d": Alphatvx1
"5a336ef97bad97ffcc4fd27ab8ed2907": AnimeHome
"f5b1f3b352a3f543d0af426ce1f7cc2b": AniSaga
"177919d3a50808346e06ee60324d60cc": Anisaga
"7066dc08bd3ec88ec724d829b091d8e7": Anisaga1
"ca171cd18253784df5e33cf419ffd58e": Anisaga2
"e2153e9714241569f15a4df02db3a958": Anran
"1a60e48cb37eab9898e86bd704d9ba6d": Apop
"bd177e4ffeeea672778eb705907aadd5": Apop
"1efb70cb7637052de49ad58e4018c7d2": Asakie
"dc00f6319cf791771715118dee1f7a7e": Ash
"f0efda98091e74bfac918a7086922474": Ash
"e6aa8443bb44bf63a5e4b1a4a50d947a": Ash1
"d1af63238b0af89c326594f3ad065809": Ash2
"72603e2088516dd81f6ec699334e092d": AshPro
"591b7d35a20de7c204e7b38b936360ea": Ask
"c54b727c52531f70bf07952bdcdf79fd": Ask
"84e7f05bec18368db424a07e6e2f163e": Ask1
"c24d29e88efcec6ce3e9455778946798": Ask2
"801ff032f777f8a470ae2eabc7e93250": Ask_ultra
"846cd2b2ed596b2d4e91e1aecd8d11d9": Atvii
"25b4e47eaed9cd9b607f564e4ec2a7d7": Aurora
"39ee236912a3f60517284c83e386a381": Auroramedia
"42ff32005de6da1f9ad8c321a123ff68": Auroramedia
"1a0b9c6829ea882cb81059ce08df57a5": Auroramedia1
"e077af905d377364af1afa2aed6a8ded": Auroramedia1
"5fa621f81839fc05d014d360d7c04044": Auroramedia2
"1136138f9ab37aaff72e80c86c0bcd55": Auroramedia3
"5eb3e7dce7204af0ef298a92dcbb395b": Awa
"9daf886cace9147d35f673737fea4a42": Awa
"b9ab78e237599bc4a11cfa4df9f664c2": Awa1
"b51b291ddd6ba0819e45481e0f721462": Awa2
"44dcfd6d6922fd1c822413a8dccf0fc9": Awa3
"754e2bf19205a814d5c176c73d748f39": AwaSF
"af970ab4acf8d2167b3384c2e48546fd": AwaSF1
"187cedf4764fff2cfe9cd15c7d6a94f8": AwaSF2
"364f3bfd0b9025c6f45a0bbc86719524": BaiDuYun
"be3a848c43d5affed602cd3bf5f71032": Bailangtu
"21f39b349b5957c941fc4e2c509dd677": Baipiao
"34941d66d89b3452954b787b985f9c8c": Baipiao1
"3cd471b96c9e3954a71b90e85af5f75c": BaiPiaoWang
"aee70dfe627e1d9057c97779fbc530f3": BBFree
"27feddacd7e633478cba8953819e55ae": Bdd
"12e0f4b0010e21924b27adfb303c2202": Bdd1
"dd6691c15e58096fa08cfdaacd096e37": Beebee
"cce74b2b897f725c1750e3f49fb4cb3e": Beitai
"23acfeb6e7fa1c54997c2f574c8c76a9": Beitai1
"9fb73bc022341d64ad1f197a2ccb53f8": Beitai2
"b1571e177387b3348999161dc9b4e605": BestEmby
"535f39bca85256f3f90a97a16a530a53": BestEmby1
"6b6ab99de374badc78c2b2b6d197983f": Bigbus
"e370fa33da4b73baa07fbbb804d2b456": Bingfu
"8e078a5a46f4e2e359731421c5e427c0": Bingzhenxigua
"8d90381634c8e3edb41c24f29fb69f61": Bingzhenxigua
"d2dd4551a37dd4a2c10ac059500e6995": Bingzhenxigua1
"31d869e673bd6a766eeb280062698f4c": BirdBar
"034a2794a6c17d9fd04756a3ad43a965": Black
"412b57031608645a1ce4b6a90a7801b2": BlueSea
"33711e7d786f5c6c43252bb6846b2b0e": BlueSeaEmby
"35e31efe30e7b8635ef0f1de250e13c2": BoYinYuan
"f7e41ae734dd3e766bb255d7d98d523c": BTYIN
"694ecdf69b4261ae2501c016ce3b44ae": BTYIN1
"dd49776061eb367af88e0476ff75df77": BuGeiKan
"5b4b7f37b3d4b89e3b79251329f1856d": BuGeiKan1
"4da39250cf21ed29fb465ec2770234c6": BuGeiTing
"a163c92f1edae4d9514d83e5a9c20847": Byg
"405f3a440c51922997ca0e10d6a4ab99": Captain-z
"76b4b7ac36f5801c63e9ddedb086b8e8": Captain-z1
"33c853c52bd871e15b9e7b3a9e9c42ad": CatFish
"dbd6db59f4f6f5219af8df729d3db5da": CatFish1
"5c977a8530a7baf154eed5c4a9531693": Cbao
"f460114e4c57e01efe55c2dce0a7f6f2": Cbao1
"481106756031cb59201ebe55d4e10ec6": Cbcb
"a195586cc5b78f21c8d097568130cfd6": Cbcb
"bcfbfbea6b2b0189572c8efd4c8f01c9": Cbcb1
"52f5961a527df33b431691bacaca9a1f": Cc_de_emby
"5d26861c9116c883f2972c5eb3f03068": CcEmby
"385f1ef8ac53f1d230f001777172f8ed": CcEmby
"f70a91471f24bfcb124da8d5194184a6": CcEmby1
"9782e4c12a908d2dbeda387d6e3cec9b": Cdemby
"32f37ab708ce18c0e174f10bfba9968b": CharonTV
"16c3946e7f077eaa3b4c2a1717c26835": CharonTV1
"381fe70e364e8d607171434fef071f54": Cherry
"7f0f84ba96a873141d86720eba98dbd0": Cherry_gongyi
"f57b95b920f005ad268f97859d63c3e0": Cherrygy
"d9c1172c225f0fd21196fc951bea41f7": CherryTV
"1ed7a8b03bd9594877e2693bed9483c4": Ciji
"0752f14916b1003f9d9de267656a2464": Cimmera
"beac608737af58648bcdcbeb9135e59b": Cimmera
"5e6df33bc61efe152121fa2cdaac0051": Cimmera1
"625c4c469ef4319e14ed5ebb43270de5": CineTrail
"38f27f5a40ddf2c5eaa2913ccfafdd07": Clouddrive2
"e0165b0d1cd2f93ba4055948301bba76": Coco
"12e2456fac66d12cad7d20c33cd955a1": Coco
"d67ed7c25c013134eb5595d66114bca1": Cola
"306ac5aa41d08435f04008557b0285c9": CrossGreatWall
"2d463d0b228d5ef32f1ef8f22ede673d": Csn
"30ea439f020f104692ece9fe3ba22475": Csn1
"49833002b8290434da59df8432b22e5b": Csn2
"ec9aedcf34c0d74b140ae4f69745c9c0": CurlyMouse
"daf923441caf7bd8bd9132adf7e41479": CurlyMouse1
"0ae6a5b6c8c15e2e6e99294d67a78847": Dafashijian
"c4c220e2b34d6ff03653522e0d1b0c52": DaHangHai
"2f9920951eb269a5d1b9c76e4920606f": Daigua
"032b314d4193d0baa698c25bd3a62888": Daigua2
"1815279759463eec51d4edabcd93f1cb": Daigua3
"6947d9afd754a31ec3fc961fd8d4b588": Daigua3_bingzhenxigua1
"2c223e3a194b5aea7555c98221a6cbf3": Daigua3_bingzhenxigua2
"b872094d17d2b39f04601f95c9cb0e1f": Dantayun
"bfa805fdd594955d6f50ff9127ce98b5": Davyingyuan
"63967a99607fe2ddd63e9f85aca8fc5b": Davyingyuan
"da9c706430c8782b19e876eaa09bcdbe": Des
"835e7842ab9e91011958f36366f17f9e": Des1
"89e808b4529e4a4b79a35d19a6d1782c": Dianyingpindao
"34e21a6a6ffc134534b3e9ec9f7e7823": Didiemby
"6c7324b3f2f321e3bb8af4778e07f54e": Dimlight
"86b0b75f0477b419f494ca01748fbdbd": Dipingxian
"107021f33597c05d7ed716ad6060d093": Dolphin
"540b896a4c81bb83629498abeb291102": Donbon_1
"bf6e22208aab6dd2024e887bab0473a6": Donbon_2
"3a33476aca1e2997c8b09e387d491e6d": Doubon
"9f8f1ff581a33d782b01a51688ab62b2": Doubon
"2a14837259d987acd4761ad9a239be35": DoveNest
"5ec34fdcc4b73329af843332a71bf4a2": Dovenest
"5e06ea51119ac652a873a919cc9982e3": DPeak
"4fed43fb33752af0c212da74852340a7": DPeak
"a4ed2d177cbdd26de3d1fe0641ad75b3": Dusky
"5f283072208aaef4283b00fc4a3e7925": Dusky
"1757f7015d624c4a45952c26f3768f50": Dv
"2bcd66128545bfa8274458ad8d5e390e": DVYY
"6a19c9350b6cda3a7f54d34e8caf8e52": DVYY1
"9d2ed9212f0eb618ad48e88c376b4248": DVYY2
"816b196691d7af4b61ca45cf724acc55": DxzEmby
"f3ce98596f632f895d72d782cfdbe119": E_105du
"51ac4030d05a3dc2baff0728d2a67381": Echoflix
"93facdab713493a756dcab4d89927765": Echoflix1
"23b32420d7da9d9e15fedfa038c4a686": Echoflix2
"b0cc30af3affea5203423a7f1d54283e": Edge_emby
"48cac3b91a862da1dd49b19901b3f201": Edge_emby1
"b4ce02da64846f515b147739fcce0e90": Efu
"de8ae387f8184ab5b7d056740e82e66a": Ehome
"c9259345f128533ebc56f02e1ac04f72": Ehome1
"128dd47fed7f24c14a971ad171d36b90": ElevenPlus
"bbf6734cea6482edef4cd99e258d1ab1": Emby
"4c788762720b38c07f39f56a5b0d0dde": Emby1
"a08bb16523d54cb67fe055e8f560aeec": Emby2
"cc58fcc28d3e852bb50f70e5db017675": Emby3
"d3f90fea1930167194d1f853710ad324": Emby4
"9cefe11b6eb9ed53400dd18679333ae1": Emby5
"e5df9fc4b0ea83c2676b7daafb41c312": Emby6
"4f37f5247ec2e950b316b90e79655fef": Emby7
"4b8a3b0a20807abb18742fb9d02d6841": EmbyClub
"04bf938418f08070aa6d8df75095f3c1": EmbyClub1
"ca954e7f8863183fc4e418b0de4b8bca": EmbyHub
"be4978242722e1bc3a570955b8fed1f2": EmbyHub1
"9ded5651925538870ba89d4b84eef3df": EmbyHub2
"59d995383f20bdda86dbce86be4029f3": Embyks
"182928315997a191bf7d9218b5113a7e": Embyks1
"c0e40c553f25610d1c477ebbe8a98d02": Embys
"d7fc622969b29570d6d1ac60c94e5aa0": Embys1
"f2ee6785afd4fb2830c6c46d27a0c0e6": EmbyX
"914004a51e6df2cfd09a51d9cdaaff4d": Epub
"997b8fbe5c8ed4308f3c136bb8a6f781": Epub1
"0e1d7371950ca6efb54019da497b73af": Epub2
"c01a215bb8561bf26c2d9734b9304410": Erciyuan
"daeaf8d2741fbbf80a34090005cc5846": Erciyuan1
"5a5cd4eb00ec9a5bbd6055dd118e4d0d": Fac_1111
"518806691dd41670264a526ef4029e65": Fac_misty
"7d9fe8f8f1b620cd623773a7ef66a082": Fac_peach
"4542325f280de82d9728c9c33a0b00a1": Fac_pilipili
"4745392efb6ec58ffcb63368d96a5108": Fac_porn
"56653284c2235463c3535817f77a40d2": FaintRay
"f961cd25d09fe24de0c105ff3649064f": Fangyt
"f5a90204accb9edb6ba57700e134fda8": Fangyt1
"7cc03dbb2fdbe387c79e1090fb1de36f": Fangyt2
"3d5b1c19cdfcfa7dc0b232185a43d5fe": FatBeef
"8d80fadec5d9f1917f2f861835077c4c": Feiniu_emby
"467a8a7b4b44bc82c4ae4457bf117429": FeiniuOS
"618b1f85ae1bfff9ee56b9e73a59f91f": Feiyue
"304387429b4d018581a6244d19b1a207": Feiyue1
"3954b60162a89857275bed1813c82023": Feiyue2
"7e2ed467e3fab1dac7a33745452f6d24": Feiyue3
"ed782d5ae89639ccadac448eab8b059f": Feiyue_youqibing
"d2dc67ad6c6e58a39aa415ea5bb325b9": Feiyuecaihong
"52d5791e65428d9fe2d4eeaa13d93f79": Feiyuecaihong1
"00b582f5728c966c4a3e340088c944ae": Feiyuecaihong2
"b5285b9416eba6550a94aba5e3caf625": Feiyuecaihong3
"136d234705df28c8babc2ac233c75ae4": Feiyuedipingxian
"83b84d87dc2687ac295f6e7938e29ff8": FeiyueDPX
"adee06ddb674bf244ec08ff572b91cbd": Feiyuemedia1
"811a5d11199eb7e3564dc3f897df34a6": Feiyuemtk
"13ca7069419b404d0b5f68e1c4157c6d": FeiyueYH
"7f18f91a3d5c15d5dd27ba3d145ca9d5": FeiyueYH1
"c28ef02cdb9262315f0af68c50277e81": Fenghuolun
"52cf58d4d1f7a86eee9179c46068e34e": Fenghuolun
"1ec10c4d6451fb9f8ef6ef22b16f3d64": Fenghuolun1
"bdd5aab8f59215f4780b18e1e8148387": Fenghuolun2
"79e05515551f36b3a2f1b9957d4b3bb4": Flareix
"a9e552d14ee0adbf5dc026b9f738e5db": Foxcoo
"c70aff3c167fae982ddddfb951559f0d": Free
"bbd46d1ca879f77df6e560d82c4d3f12": FreeEmby
"1e9d57ac2b65dd2dd5ac5bbbafd29c89": Freestyle
"ab964dc332f037d9b6f18bd43e76b3bd": Froghub
"204cb9e5a0147eb5be42b460ab74c379": Fufu_emby
"1de80ab557ec8d2ea6bfee79d2c4c868": Fufuemby
"d30287034e5508baf4cb4ae8c54fcd85": Funmedia
"49bfdd06de7e66010ddc796c7332e167": Funmedia1
"1e6d89d36add44405d73565398ad5018": Fyyh
"702427ae05c2ace96d3e05ddf1e384d1": GfwEmby
"67a1ea3a0a8d34cb54349bb05ed34b09": GoogleDrive
"2c967b2767dc23c0280c9ddaa9792bb6": Guanying
"90042970e47d2d2cf14ad155be829c7b": Guanyingtuan
"e620a9fd8fa1ee8eafa8e874375bc924": Gugu
"d69f80d5b8a30e0b49c9f42d0f2ef43a": Gymeowfly
"5c349d6c59ef7d4b13dfc2e8e5641866": Gymeowfly1
"b32c2e8b006f768d2bdb5d2f09abb7c5": Han
"bd02681057510e519ddad93381338dfb": Handou
"e9c3e39971f2a59cf096d6e7ade388a4": Handouemby
"ccfabbd5de91142b6bbcae02d2b40f43": Haoji
"f4325205e2c9b5efc1daaab9867af674": Haoya
"92efa956573241555e72cb1b39a07757": Haoya1
"e439895e08ee881a67850cd450f8859b": Heige
"fd4d89c7d216233daaad8b9a4c913325": Heimao
"2ad5f67e95a48889b741ac311a1c82dc": HeiShan
"a37eb70add2825c469bc367782291e53": Heisi
"d88d69ba58bb13b5ee4e1674aa0efad9": Heisi
"01686f5e1c7eee5b058af9d6c9b8c81c": HeisiR18
"706360c2ec0421e08e1bd1a8c91633d1": HentaiHome
"9d5862fef91cd939987cf96b2628aeea": Hka
"0858598c1337b073b7cc27d4eefa7575": Hkaemby
"b88a137e3a629119b55a3f1c1664446a": HongChen
"d473e84f5dc1023cebe0ce44e04a4527": HongChen1
"38ab4e5f7d70d3e28f7d992ee72ee5d2": Houyinx
"652bb0a452a219aae74ff4e0280643ad": Huige
"6487cca4d6f1d7a35367285c1848291f": Hxd
"5b8a148688f3ef6536a1c4ff887b936d": Hxd1
"681c46859c387c3fbf6460498fea840d": Hxd1
"37358901cc20a0dc7f20e83c251a16be": Hxd2
"c6b3847f310142ba08a04f500e3d1807": Hygge+
"9ffdde5622916bcd6054592186bfca80": Ikoumi
"721ca45c472ddb91a58005f426f5835c": ikun
"3841b5c8f11f026cd626c424218b6fce": ikun1
"156a9dec386c49065ee75ffbf412cb74": ikun2
"d5f7d843c5518d20f136671bcdf8d5d7": Infinity
"a045b594ebdfb488287f85363bf36cdc": Infuse
"c94e14f74f8f46468853486051ecb5c4": Jellyfin
"97004d08b67c1204b06fc1640f5867fc": Jhemby
"de27337c85020c2137863da68a7821b1": Jianghu
"ecb248b28f2af225c6b570d7a95c7774": Jianshouqing
"391644a1cf9587e63d71ed54385f3e7a": Jianshouqing
"2315bde8a24402111845928f63da6d82": JieNiGui
"6bd216d23c1cbd34927fe895491e2b85": JieSen
"9de9be8a430997dff885fb98535461bb": Jikongjian
"b646e945c741fbcf5a7f5cf873013ce7": Jinglingxueyuan
"dd90055ca37458a96d2c5819591df3ed": Jingzhe
"39048d824919fe482015881d9d4b7312": Jingzhe
"a3bce651eecf0c83e583fc645d52132a": Jingzhe1
"ed3ce7aec1a9cab0e1371dfb4d9b2111": Jingzhe2
"eba1c03f572ee5f6831ca76a8ecd7f9a": Jms1
"f0f40488a4713959f6e70b9a645effa1": Jms2
"8b999f7aa1a3072858c41577fb0dca92": JuDog
"810556edaf2d2ed005aaaa3afa0f2535": JuDog1
"d863c887e9d035f1de0fa73931f854d1": July
"209d1c7c2375fad2346b0715b0f916e2": July
"41cbce96cc7f6f868d36b1976a4e2a2c": July1
"4820eb48eadba78d3c0704d48b8a2136": Jyctv
"509463b9cbdee617104828e23abf598a": Jzrm
"35c8cdff7cac9cbdfef62b765482d59f": Jzrm1
"4058735dc5d580605f5db600b7bc78ba": KaiLu
"791504a769d333d3647af77445c39adf": Kaixin
"ecb803c6b2e2fc060840bbfd2df5dd8c": Kaixin
"506b2e085b5235ccccbfebb890eda6bf": Kaoyanvip
"72d4134b534136d5927a3a573acd14b8": Kevin
"541000537d9b7458daec6bf3d8fcfc6f": KFCV50
"8aa02e0fac5298adbeb4a3811031d0f0": Kiki
"f1cccc4caeb17190090bc6fc11ed6527": Kiki1
"9fae8e17f2ad31b69dcf15f20ab31d48": Kiku
"43b9b4103bb7fc8b0891bb25105a43cc": Kiku
"ec3dde0f007a213009f5f09d6b2bbd23": Kiku1
"ad448cb9054ed46852540b8babebba72": Kiku1
"5fae089958687b10496c0e36d3b06d5c": Kissme
"123d88a903a2dd8771249c6f973cace2": KshtEmby
"8c85c00cff42df727848f97955e31769": Kuanemby
"a31c38df6a565fc8966d7f14fbe9eb25": Laoda
"01dd3f486b2738f1d0fe961dfa320316": Laoda_jiesu
"6079a08249ef6940e696816ef58c84ab": Laoda_jiesu1
"cb72308f3ced6cf7ab1796c85d0c3b54": Laosifu
"9cc54800ff39a3b39cca2bddbf3c9fbc": Laosifu
"744be5c32afd25fed83eb0df391827de": Lemby
"87442f74d49d3904f2face22c657d54c": Lemby
"49ec30bbca1b35217dea18cd177b1250": Lend
"9856a132fbdeb1f451b4eb2ea9a7107e": Levilde
"c3027b5eb908699bccb8ef56211b4c14": LEVILDE
"de4cd7858acca535078fbdd50a1d7399": LEVILDE1
"e961e07c1b2fad949715b97c891582d0": LiangShan
"df492dad8dd7d07986122ec4db1bffc3": LiangShan1
"fe18ebec75433d4cd395a6b27a65000f": libhsulife
"3546d29c82a3da811ec4361e1414401c": libhsulife1
"c909e98b21fbbe5de1d01ec2b36dc4ec": Lily
"22603221f31b08c573e7765847d4743a": Lily
"c7540cee5930b619b16b1036eba5d1a2": Lily_diy
"e49561baf2239fc29b88e6a753438665": Liminal
"c1af6964926d9ed8477c49a44d184e1b": Linjing
"d67b94e3b2bb8eaafeed20b1c192eb79": Lion
"6641b008848e1a9027c8b49caa7a6a45": Liubaba
"e37b7866ec90ba8f0f47a02a6caaa117": Liuxing
"7dad0dc0de234261a9d1d04d3c0a0bbd": Ljemby
"e545883653d24528de4d42f78d9ff0ae": Ljemby1
"d0a3a0167763114c3d6debf9a98e1bae": Loniper
"802cc58030304a507ac33506edc25a44": Loonby
"be7ad3e9b2aa0e32ec989befdafa86c1": Luobei
"b572c17bbb7b59dda3d58c77b4dc71c7": Luobo
"8ce6d7742b74ab06c3bd779c25765cfd": Luoma
"cf997302712f494eebee8d99ab5f013f": Luoma
"23e1910ae1d9430d418283f60eb3f4ff": Lvlian
"76e7a334f3dc40a9a68197a0a1ce38ac": Lxemby
"b60722ad2819491c4519df2584b1f1df": Lxemby1
"501814a0cf87399bbb721adab691feea": Lyrebird
"d022679eaf37e1c22361b71eef453bb6": Lyrebird
"717c8237498aa28c452c94f047958654": Lyrebird1
"4019a68faf6d922b6ab52b4fbf562cf9": Magic
"4abf11a55c5e834502c88c6e0b62d6c7": Magic1
"661e9157fe62db81d6c28c32185e5437": Magpie
"1b4ee286c9372797755ff96279c3916d": Magpie1
"4181ebea3e0cd6ff175c82ff0fbad9e7": Magpie2
"3eecf9ff7a8c62e30942ff95020a117f": Maliao
"83bc2cde874db2017baee18c29d679da": Maomao
"ecd5aefa2d5ad47134026089ac19eafe": Maoyan
"bce835a37880a8e9d38f5fe470463748": Maoyan
"59fd8e0aa062a8e7537e46308f4b8479": Maoyan1
"476a9c8aed1019fc9bcc9ded3e99e399": Marmot
"75ae220eafc8935d78d9b15c1552e838": Mefun
"e95c1fa3e1174be1c98b00686e68e7f6": Mefun_general
"5e42182547463bc3da28e3aa1e5e6037": Mefun_general1
"a2c8e3fc7b26e750e5be51a33e45dfe0": Mefun_porn
"0274bde4adece7e6d54569f90aab66c6": Mefun_porn1
"97d74cc96be6b5a43ce64e563ebb9b97": MengMeng
"38ce5c3dd968e8f6b5500b39d5b14116": Meowfly
"abbac34f0285c2b50ed7f41cd64a2a55": Meowfly1
"d0a95b37e264e63ef844a060d4126c54": Micu
"da9ada8ee67c016528655ac14da8caba": Micu
"c0ede3a50d7c8c6723b6cb2dc428fcf3": Midsummer
"4a588aeeebdd057ab98f53980cc1d6fb": Mihuansenlin
"9fbf4091a51b4fdf05ef82478faf17d4": Mildnes
"791d6e377abea90fefb5be565bd16a00": Mildnes1
"7fd742f57347390faa0d5d4b5e8dd190": Mildnes2
"fe85e827f66cef67d9b0c92ec065bde8": Mingtiandaobi
"aef84e8e9f6c240cd774dd8d5ac7111d": Mingtiandaobi1
"b4b93186d61614d268aa89fb63d57ff3": MisakaF
"0886ebf49a6aaad6cb2b8a06faa47dae": MisakaF1
"93b18b46b3bbbe11ebde7702e3f60995": MisakaFvip
"6350e0e34cb377a28238cbd859cafbbd": Misty
"c6e6698fbcc7d8dc340f95da31076c22": Misty+
"d4da436f803e3bcc2ae3356b813348be": Misty2
"2471b380c9a06ca12f9b20316e09268f": Misty3
"9f36b88a60d9e8b8220338641b98dc31": Misty4
"7ffd41806bfb0f83b983e9e1dc367fb5": Mjj
"09a40ec2ed086f1ad1c080b5d9ff1ea5": Mmhy
"fe82fe430acbd109b8a2625ec32b22b9": Mmhy1
"a9f5215d9d72e3b92f30eb31c67ddae6": Mooguu
"d2a6fab689abee63361edefe1064aa2a": Mooguu
"1a0d8f1df34f2653e7c2b6eab1419da4": Mooguu_gf3
"6f251e9b502107dd9b8a1cc532f7ac6e": Mooguu_gf4
"56fe3a1283cc0974fb6ba56300d1b6a6": Mooguuharddisk
"0fe8da20f1761f33bc86029066d0fd08": Mooguuharddisk1
"560d509303693d74858a38941bd9d6b6": Mooguuyp
"9e4a90844b36508b8a8c8590c5647457": Mooncake
"aa421221c4c769745aeec234b7e3c1af": Mooncake
"ac7b26538a4ea25c68e506c575504b94": Mooncake1
"f0658ffe3419ca3961981a9556e1e42c": Moonlight
"68c18ed7ad866d0e8532ef38a1165609": More
"900f737dee5920f40d756f17f1992bad": Moyunge
"66025fbb154d95a82208b644e98a5b39": Moyunge
"87a04e051ca0aac040721a3267154380": Moyunge1
"d5cb208d0eb7d1ed97255b2b929b5d78": Moyunge1
"ba892cc2284ba761987c489f1c40e583": Msky
"e0a9514c3719ac2615cd6c0002039c78": Msky_emby
"50af5642d0fc7e5b571f81b3a0abff6d": Msky_emby1
"e3a663f9a908483ac2f2063afc022895": Mtdb
"5ad1c683c137ee52f1cede5b4345ee60": Mulgore
"a3da7ded1fdbfb33313fe65e61f042ae": Music
"7831fce5de1471b1731630c2b4e33d68": NakoNako
"b4ec8b0bc3f531e4f4510d9b52f12234": Nas
"ff64a724debed150234dea6b923f7e3c": Nebula
"0843a262c2f1852709ec9be9a1f744eb": Nebula1
"487ec17366eabd53e5d2179353813798": Nebula2
"8cde640ec02a7dde641e0056d5795c72": Nebula_sexrain
"42d9d14900afca635ec0a8d1aabd3e2d": Nebula_sexrain1
"3eb210dcd84e2c5fe6b1b7e1168d1420": Nebula_starharn1
"19e5babd792a2758734e0178f4c570c2": Nebula_starharn2
"06f3803eb759879cf04aabd12ade4a29": Nebula_starsho1
"63367a5919b4094ff5133a5e595fb739": Nebula_starsho2
"fb72161229c4f43a2010ba8c29ad1101": Nebulamedia
"32d615156a142250d23fc943172d7538": Nebulamedia2
"642d315ae1489c4bea364105d3c758dc": Nebulamedia3
"54770f5a2e1acc87e88ce6fbd3a15cd6": Nebulamedia4
"3241cd94a76e7da519a73ac38ad9fbaf": Nezhayun
"4c22e27dce39046cdec22c895e077380": Nezhayun
"ee0184140d05e0f9d940542c85a665ed": Nezhayun1
"854009bb8346b7da260b29fc364779d5": Nezhayun1
"5866ceacd05778f6274ee3f9a367d62c": Nezhayun2
"4ccf29ba90a03c239c55be68d69b83c5": Nezhayun_kfc
"3dae2d0f53c031c231601eeec1c4bd95": Nginx
"e4f17390fcd516b1df6fbf9fadc5c03b": NiceDuck
"73ef3bd53fea1328d532bc6ccf33ccfc": NiceDuck1
"dd7f210117e657019e5ae3d2a1388377": NiceDuck1111
"2eab08cc36100f060aa17336b1ed0e04": NiceDuckDPX
"1edab7e3cb05135749febf553d29dc84": NiceDuckJMS
"c6cf290c255c312e8a8390257881e32f": Nijigen
"beb3c0f8a66695fc3b2ae76627a8cd0f": Nijigen1
"5f4d49bc93fd458fd2460d619ec53fb6": Nijigen2
"ee3c181cf4e97738145a0bcec992ce10": Nijigen3
"ad087426c55bc620519307a85edd7689": Ninja
"9830df3668244ab383473358e7422dca": Nirvana
"ba880f70f16da85bbbd1669f6427e560": NmEmby
"6970f20c651261deef97e650872eca31": Nplayer
"4850f8983a4e19bc23a197abe9d71df2": Nsfw
"9c0f1e246a55b4a600938328288c1861": Nsfw1
"6dc42c496faad99b1c3038236334e48d": Nsfw2
"c95c922e426b337dec7b3494442b455b": Nsfw3
"10613a478fd0b90db2e715ae8500f215": Nsfw_emby_qiumingshanjuezhan
"3097b29d6b8093eb7dfb9a3b107b3b0b": Ntrrr
"b98f520d9604a1a0600aa2f25ddd1880": Ntrrr1
"b681337a4d187493595a8567def9f5c2": Ntrrr2
"ccd72a5e3e0168342469a516faa09db6": Ntrrr3
"7dd8c508102dfb6aa675179885556d32": Nya
"4a21e2039cf44513e65295767fcdaae7": O9o
"65038f9aa36ffbc6b209846214f1fc7f": O9o1
"384fcfbabb1a25f454e4ad8eda64dbcd": Odyssey
"7e688c4564a830b6956792a6754e36ee": Odyssey2
"7cd9dd6a7825619c135dc06b2a0fa219": Ofuniverse
"177cdc12cab5e5331f5301d9343e7f3d": Omega
"efee4de9409dd7b27047b02ffbbaa3a7": OneDrive
"286fe49bbf10ac134a9ab1bea6990864": OnlyFans
"63c30a95246a612a9da6ba1c0dbc1d10": Onyra
"853665b133e1483a5e58c2dc53a008bc": Onyra
"b5062de537b76660d6cf52f8fead7eba": Onyra1
"0b4f958c5c0c4fe4cffab34f1fb552f0": Openlist
"6393406987337d9c7f53860af13b8622": Orange
"07019c854af69fe835de6e599b965d82": Orange1
"c3d471bd8b738f28e82b540b0227c4b9": Pandatv
"253531c588764922fa2de91e3ed3254d": Pandatv1
"1520b088413c8bbf782a0cf071cb82f7": Pandatv2
"475159c245f421d4535ff32b5bf6b187": PaoChe
"730a8f31b73cb8dc2945925e220ebcef": PaoChe1
"44372a419c8293665fe0ca551f184320": Paolu
"2f40d4cd9abd8d176dab021c0cdac03a": Paolu
"959b5e01157ce44ecda0e7d41f1e3164": Paolu1
"06746620a38a5955ff06c0c9581fb074": Paolu1
"893eb9821aeb7badf656bfd69645e734": Paolu2
"3af2915c14ba1948754ab7adab84a488": Paolu3
"85598d223049a9ac668f82dc1a3ab17b": PaoLuLe
"704437c5085d16bf2994492c25f0e865": PaoLuLe1
"29ae60994a703ac843ed02c36f7b70a1": Paul
"4d1aaa210055f84b4e1d0fbf28f90644": Pcmemby
"fcae624b41227c73f879c218e09ed0c2": PCMEmby
"5a6e95f1808c1b1d4a709d352f1bb948": Pdx_lab
"f477e5583f8e8887be19c7402532e00f": Peach
"ed621d9b7df0068a61a051256c1c314e": Peach
"771ef89c1fd712623a319d529d98d4cc": Peach1
"622f2a806e65f9248cf22dd2b7a73f14": Peach1
"bf5e469cd3918269d0cfe0108799e643": Peach_selfmade
"eb188bc26bd0a3423ec2548d52ecc3b7": Pianke
"efe0876377300066c99af6dda17aac10": Pianke1
"863ef825592886d64f0a8fb4472e322f": PikPak
"761aa5e635d017b19609461a31970906": PiliPili
"db8be141e5d177bfbe798a6147671b0a": PiliPili1
"de4705fd84ef3157bdd2d4461850cc7c": PiliPili2
"340f800b2a5bfecfe509dfcbb59d309c": Pinhaofu
"519ebf9c9785f5edd9f89e4f14774da9": pinhaofu
"18e007d2627a5c182738c26e40822789": Pinhaofu1
"56d9b07958d6cb22172badd1c19acac7": pinhaofu2
"478ddebe02b7d8edd0141457bbea2d53": PinYun
"0673ac3c7a961c5197ef783dba8e8f00": Playz
"7a4fb6fd30e61e43a169617c436ac20e": Playz_emby
"d72a4e934f6a192a93f7b99d8374e909": Plex
"453bb6918b9bbe676e9f95f63104ee54": Plex1
"8aaee531cee79d3cea1e958ed38fb9db": Plex2
"0c8b5c32299ba01078197d24b5bb82d2": Plumber
"fbdce7e7f86f0f134f71a1e3fe110af2": Plumber
"5c0491d6a68fbdcb50127ff890b12905": Plunber
"7c0dbf28f24dad19305c860d7efe71dc": Plunber1
"6c099fa971d88985e9e1288cdeda9f4f": Plunber2
"edc236b961a775232aec23b60a1f077d": Plus
"9f94f0494f72048da6ea536ba7ad6bbc": Plusemby
"8702bd4719974d1214fcdedba29f7ab0": Plusemby1
"fd8875fd0aca87e8a5e3b8fce19a0ff6": Plusemby2
"39662261d2a61db887561aca0fb21172": Plusemby3
"a5bb3a10082f5c676547954726bbed04": Polaris
"8e64e22ef6173c42cb2a2567d1fca65e": Polaris1
"f591c6353ee6e3836a6ffca8e6a25e2c": Polo
"278efa380a24587296e862c281bb540e": Polo1
"ecb39a832b6dd87eb5371fe41a16f95c": Popc
"4cc6aa106c19a5994d9e680259715e73": PornDX
"1d22e29012e6ced6dfc7f273ba7b8e2a": PornEmby
"c8064f1d4c28815de9fcfbe83a9f302d": PornEmby
"e8e114d57e43c2b61a11a4c3907b6e04": PornEmby1
"4032ad9acdd2a7957a10f576a7f535dd": PornEmbyVip
"beb6f9d4e6293812a67840caa7728576": PrejuDice
"f3cb2de77c1e620cfe41323e84cc8624": Prejudice
"e768665f07fad78480f31e2d1dc73097": Prpr
"7323a5617c5d6d859d18d2a4e2e1bbfb": Qidianzhan
"6706acffb6e884905426fe24de3073b9": Qidianzhan
"2fb2c2393c3f0eec2e9ef6deae2b4dc8": Qidianzhan1
"1e550934af9a2a93ab4205ea06299117": Qingmeiyinghua
"81971c051e2a1c03d0106235a18a964e": qingmeiyinghua_zhuma
"03baa95351ecb2dce092b35ac4d5be44": Qlemby
"1ed1a2d19ff507c4861aa6bd43faa252": Qmyh
"adb2fa526a89580369ec0021166d401c": Qmyh1
"70c4b68d8a6d591df3569dce4c38bbb5": QqEmby
"d1db9a3ef55a457b7227c04d13ba2f57": Qunhui
"0f71eb0f573121c4b844e9c57a232939": Raise
"f477ca9f59ed8f275c2f14058b0e4560": Randall
"ac4bcee549d831ff08b7dfcf06f6e3a0": Ransifu
"06772ca191c6a277589e562f684aca03": Rjemby
"4620a856270380a0791953eeab92f6aa": Rjemby1
"f4d6cda6e6c9a9d974f6255dc30dd370": Rjemby2
"81602f42b1e934da9465177c00c35af6": Robo
"638d5edcd0ce7d32acbea63d92fdb75c": Robo
"fe0b54c8266f02ab27428af832183dca": Robo1
"91bb1b6f036eb8aa2b6ebe90d89a05ec": Robo1
"d4a67b3b44fb862e8c4cdd8b03a9f0c0": Robo2
"bd2eb355192a378d4baf566e7f208071": Ruji
"73b1e0dca5617ed30ab1d98e5b71f07b": Ruji_qili
"cb089897a36849011743316cc938ab43": Ruji_rujing
"d87812727fca731dde46290f547796b6": Sana
"c3f9ae6544ba1aa094f70f9f4375521a": Sanluo
"b49162e7b20e69d7bb31646359703d77": Sanluo1
"ef2d60fc2bc055a8dcc733ae0ba426c5": SaturDay
"7de3d7b01f0f7dff65e911138511bbaa": SaturDayLite
"7794155ef58f19e6ddfb2a59629d7224": SaturDayLite1
"539f5909e1db534ceefafd864581dcd3": Saturdaylite1
"efb56a4768b71ad18bd22591f0b7840a": Saturdaylite2
"877a6f7d3f3e8e4cc6f7ff9f2e922ac5": SaturdayPermium
"d788911e84cb47048b2bb8af4ce9046d": SaturdayPermium1
"e1acbb19c41381cbbcd6d903d78f0aa1": SaturDayPremium
"e914783e727f6b5de0ce946f7eaff12b": SaturDayPro
"10e854a59ad58177aaff6db9f7022566": SaturDayXperience
"7e7dcd1ddee9390f5cfdc62e36395d9d": SaturdayXperience
"5b117fdbd72aada77077d6f418ced7d8": SaturdayXperience1
"3ec6f52b4ccd1c4cba0d22284f5adb2e": Sdl
"386cfd4b884906cd92dfe98b752ecfdd": Sdp
"1ac5383db31aa18676fa1319a2009c8b": Sela
"a93e5594f1ba39e192406339379d0b78": Seoul
"20f3644234078f6caa9010232dcd3d2a": SeseEmby
"f47baae8ead687e71bf4bfb1e2e91bb4": SeseEmby1
"a2567d1c9bc8e316b5c556a053808403": Sexrain
"4cba4810e38cfce53dd374a5692d5f27": Sexrain1
"19bb778c1cfaa42777baf25852d5af35": ShenLan
"546a00e6b002bf87f74aeee6847e9052": ShenLan1
"c5a38bf66221f9c9bd02d9f91805f409": ShenNong
"6630a8cfeb718cb7541328207147d6b3": Shouhou
"dac8b652a6706b75e23280ca4b83d0c6": Shouhou1
"3311ecb0afd383b299d840ea8bd85962": Shouhou_sntplite
"85651daef26fd17932c8c0c1b4103cf8": Shouhou_sntplite1
"59a917d82631b2fcf5ecf82af4454d9f": Shoushushijiexian
"103440bb60717e43065d69f7e4756a68": Shoushushijiexian1
"62af74097e3c47d445d4506b993a3df1": Shufu
"b47ac685aead4a7af3895d908ced3e26": Shufu1
"b5219ea5254e9beb518f4942a36bb1b0": Shufu1
"b320f659311f4801648f46b73cc6efef": Shufu2
"eabcecaa781a8aa8066197d1c65c3f4c": Shufu2
"7dac75461b860de2e4cbd2d3341b758f": ShuiMu
"f8fe5ce11fbbe243ccc189c80759f050": Shuimu
"4919ee5d373cd60d4ff33e712d3c4fd2": ShuiMu1
"0aaf39c77d62f46022fd30ad57c875af": ShuiMu2
"d62fd1f81ac2a154dc04e9294e22c9ab": ShuiMuV
"374492b680349d64723cc4bcb413a335": Shupian
"1b512f3e0e53be94c73046b2506b8782": Shupian
"2058da983b4fb45e4297047706f24e72": Shupian2
"703b7379fb570bfb98ed70ed12c63abb": Shwl
"27a1824e4a8f34167841b18775c94d72": Shwl1
"c998f962631b646994aee850159562d9": Siesta
"e4e64e27b6114d452ba176feb95d4382": Siesta
"c69a4dc3f07814b7bd5dd7a31dc4362f": Siesta1
"2f7adc27263d83cc6c5394677788b58a": Sifangcai
"9b45684cfcde527f1e643ee65f3b53bd": Singularity
"cf07bf6e2a3231aa3dcb3ebcf966962f": Smb
"5db6f61d60f8d893daaa565445f089b0": Sntpemby
"866e6cae57b278b3b3000a2778a500de": Sntpemby1
"462478ac95a6bcae9fe3f903bdb7e09c": Sssjx
"f94a0771402f0bc1a7f1671641869f1e": Sssjx1
"e0ab2c3babc7be957a78a7a83674878c": Sssjx2
"758ac31cf324f96750b815224bc52453": Star_emby
"a82c82589635f2c7988219d2b2981ea6": Star_emby1
"9ed987d906fb4f362afc095b8d3800b5": Star_emby2
"4622e092bebefd67a4cbbe6be252d338": Star_emby3
"43ba580bf59a8ebcc03c115670569fac": StarCat
"91abfc74cb06172931eb02e7c859b705": StarCat
"fcc9ff84b4354c4829b92f30b65c6e37": StarCat1
"b2e8a0207db9cc4cb7545df911c12d63": StarCat1
"ff954030501cca46e017234be4da6731": StarCat2
"fa2abff2f54129d27e75ab3c2dd54e4e": StarCat_Orion
"9a1ed9c0145505f16dd9a4e74aa73377": Staremby
"1694af339437575c42510f6e665cf45a": Staremby1
"feacc5f01449458efb20f2e7524e4256": Staremby2
"ddbd6a7b6424880ce66c68670f091658": Staremby3
"37b69cd514f8bf8c3f3a4aa9993ae703": Staremby4
"6fbefd2aa1e6bcbfd60b84c3d8a560e9": Staremby5
"b3e888d485ab184a27839e75a9a856b2": Starharn
"8051deb2ed4cc5bdff95aa4a5a193dbf": Starharn1
"4f96ab6773421b1c203f440933527bc6": Stark
"a3138c68e7ba4936a3a48291ea8d4b28": Starnsfw
"0194afe29fea2cb947284ddc88c44ad8": Starsho
"c8faea4cdaa7c6969bc26cf933f8d5d5": Starsho1
"2397d5c3cf99f39e7ab352603e477f56": Steven
"be2a1f7804bbab0b78db4ad17793de8e": Steven1
"2092a0ce55bf906cc5a244d692739905": Storemedia
"93578c388cb55d54b2b06ec69400a4e7": StudyFun
"676b2623d50bb25513ca9c620d6361aa": StudyFun1
"b63ea3fe14ec48119178b4977806cd49": Suanyixuan
"38664f8e73f709a6f3cadb118fc5f6f8": Sutang
"767ecc04c62e01fdbf7b0bf1a6342163": Sutang
"a26df5643befc02cdb8bd0a96c08cf5c": Sutang1
"405a6b184bf1bafca6c523e342e37d97": Sutang1
"d0d72e90555db31c59a267f801fcac88": Sutang_mitang
"621f9c17588b37d2fd4868c99f2c294d": Syn
"38f7f5768d5fa7f0c0e63557fcf7727c": Tag
"6715eb9fe21cb4f39162503360d7014b": Tanhua
"342a725e780ab6369fd852f578a97c9f": Tanhua
"447db093433dfef05a54585f749bbce8": Tanhua1
"14725a64c9f530933560f2f0e9f7517f": Tank
"28cc8574cfad6322f47ffd075c8c90de": Tank1
"7543a162bacb49d403734c90013bc2cc": Teka
"eb6c37d7760c3a4dd5b3ef849b5ed916": Teka1
"c97f364045f29dc28c8277180e0e0920": Teka1
"af2d7322e8adcadac7b3bd7c047c21eb": Temby
"e1d98067c60eea586750fcddcc7f35e6": Temby1
"5d428d2d0c39a931d9292891112e82ec": Temby1
"0693304ab034262fa877d18b31aca82f": Terminus
"8fece212a5bc3b68f5e490d6e15e0cd3": Terminus1
"d7e8f8ef405d0a9f88ac9482c9aefce1": Terminus2
"fd8bde20aed0f90d16e50e3e22e4a278": Texon
"35b18f1b09d271207bb1d4fdc036eb18": Tiannan
"c2ac66b757c4a213f9347a1c5ba8921f": Tiannanxiaozhu
"ce37088f7370aa3952ac109d66d37206": Tiannanxiaozhu
"31229093d734d1b20757396c0b1d3788": Tiannanxiaozhu1
"a9de5ecbc352a29e39d12e314df5c333": Tiannanxiaozhu1
"fd6a1f892cbc0490d2e779e9f4c2670a": Tiannanxiaozhu2
"f6aadd74f664bd23a2aeb978bc97916e": Tianxiaorui
"16f75b682c1c985d6f337f212a690403": Tls
"c1deaa9ed191e94a8d9da7f4a07a33fc": Tpression
"2103de567535115bb7a93677399c74fa": TreeDiagram
"feb904c9b25ebdbb9255466770a081c2": Tufei_emby
"d92a50b2db5e5da310fac42940ebe131": Tufeiemby
"a771d87c266705fa68aeeb1a3f3c7306": Tututu
"69027d66c6e6565eaa950989b0f7c39f": UHD
"7c26c83927cc5afc5f138d29afc06d5d": UHD1
"e7da69783d119f03f780b937dce95b70": V6
"513658d915da40a276ce65aacdabdc9d": V61
"afbc40a6418d4232698eab67386dafa8": Video4lib
"daf1ee277c56a60cfb74bf48da2788b8": Violet
"4f14ed8d05c74062242b42527210770b": Violet
"211d0acc23127465fcd04eca5d9d7908": Violet1
"0d8c6d94becbfe5a7077f5168802386c": Violet2
"feef2d9d73f7e073e56f149d6fe383d9": Violet3
"1079252a58f2ecb86d8577fa5f5ce1f4": Viper
"d0b36cccdb9b991fa4132179c361759e": VisExp
"f2c65695ca70565633043af8130af8c1": Visexp
"18b397c1081feea727cb5a33975ff9d9": Voilet1
"777fbb9730f1ae65a3226df251dce112": Vtg
"b8b0ecbfc427a6e088e113f7344b8a56": Wagon
"f50f6cb865a6a22e45c207549531326e": Wahaha
"a7007fe79a920e1c0e127773e2c250cc": WangZhe
"2c7ef242fc260f62b3fd9cbdf9e00055": Wdfhl
"ba2d6dd4b87c86544ca7fbfb9e98b1b3": Wdiasda
"3e4e421052ff8e5910a5ec7f53995133": Webdav
"a4ae50acc3b374efd1b0142b6f6272d2": Weiguang
"8269323e98d583fba56c2be2afec73cf": WeiWei
"01d0299b63b68d3fd044dc546c7c88a5": Wenjian1
"fc2adb30245e8261919afd36734476e2": Wonderegg
"18b250c7424a548ce138776d1543c55c": XfEmby
"500f9058a12d79de7746ed831857499c": XfEmby1
"f49d46e22198d15b7ca1d55171380ef6": XiangGangLiShiJie
"d499c726f6421d613d5014a2148c9d93": Xiaoyi
"9e879ecefcdacce7c7d45cb68b6218f0": Xiguasf
"d6e87d4ea5334280f2836597354bfc1e": Xiong
"08bdb125c7d7ded6844fd4928fec18d4": Xiong1
"23102f25b370fa68dbfd46a8dff5b1e9": Xiong2
"269f8e002f36ad0f516183acd30c6ba4": Xiong3
"32efc350e754407d84ba3793178df0a4": Xltx
"b6250e7ee6c19e81368a23324bf6ba44": Xmaxs
"661d71960273e81ca9e09e56ccc0331c": Xmss
"47596503b888948711742e2cf4a98b87": Xop
"fdfdcae7cb9502958c9217242178bcfe": Xuli
"7d1fa1e50d73ceaaa4f8b893872f6ae1": Yagao
"430e38b335b151859b5dfe7f582eb93e": YeJiChang
"47bb0f2abc63b577b403d7c5cdf6339e": YeJiFu
"8b08bfff7612d56baea31a753d2cb86c": Yeshou
"8d239e5fed3ff371b5edac07bd0b27f3": YeshouPlus
"6f2ee107dface51dbe132bcfddf952ba": Yezi
"77a11c9aa983215906196e1c2fb3ae43": Yezi1
"bb33fddca2444cf871ab747898ebe310": Yezi1
"1f912b3f59cdde929d8fb966c2ea7edb": Yezi2
"630cb606f830a62790d7ee3ec712534a": Yezi_HighBitrate
"13a6c80bdcc066e49d1a94ed43e98bd3": Yezonghui
"2df0244cbfde96205d11d1d7c736e9c8": Yingji
"8afd2ad47f53fbe1aeda51d4d2d0024d": Yingji1
"c07532035bb8acd3d20e293fb84c53ce": Yingkanzhengwan
"78edbeaad5e22762b0435670ccc78c1a": Yingyue
"8a38a28b106fc0b7dade72f213fee8e1": Yingyue1
"75907f0b309fa150fdeab866582aa690": Yingyuepro
"1af4cb7cdc471d18170c79cfa1bdff8c": YKemby
"4196ed5393a04738faace79c6a27ec9c": Yomo
"e48b9b2ea8ae8d5c6ae3969f440332bd": Yomo
"af663f6278a46f4bc13fca009d4c17e9": Yomo1
"9ffedafdbd917d9637ebd0e777d7fa11": Yomo2
"293122a611559b15461a8c42dd6a2778": Youno
"b14bb0a2e53c4234cd60c83fb3a86f89": Younoemby
"d1583684077af504c68b6310fdcbedec": Younoemby1
"4dec42c303647e80fb755db2d4dfe62e": YounoPlus
"90618be37fc28fe78dd1530f88145f59": Yuanwei
"12ca6ddddaa12ea89c4696fb9d0f104b": Yuebing
"f747bd7be3eeced13afe13ce4db051ec": Yuebing1
"4e348babb14bbf98ccba86f1deeaac1f": YuebingVIP
"1a8560baf9220c8d24de967edf0a5277": YuebingVIP1
"18067b0a78fa8910eb042df7061aa76e": Yunemby
"e0c7660c69275b9fb72840cc1edd6b05": Yunhai
"f394a97619b06ee0c3a1bdebb42ba8df": Yunhai1
"60677aaae88fdac750d33eba91860b42": YunhaiHub
"aac4f9253cb0ccd02ff62b4cc8642ba1": Yunhaihulian
"fee4827444afb14453f71e440df46ec0": Yunmu_NubeBelle
"9a4b8706c8b7fc1eda93cb732870b000": Yunshang
"5fdab1f632bf24d010d8a247a9c51ddc": Yunshangguizhou
"a4f84665d8e959b27d6d05572dfa1973": Yunshangguizhou1
"5f06fc756b3552988d5fa36f9c195fe2": ZhiPianRen
"06be3722863386c0bc3eebc55dbd303c": ZhiPianRen1
"cac9e4bafe46dc2554f5fb966e5eb84f": ZhiPianRen2
"0dc8bd3b168990951ca018aa747965fa": Zhongchou
"270ad3fe20867790b48a363d153487f9": Zhongchou1
"df2ee4bdf89369bcb73b6526ff046668": Zhuduobao
"d3821411aee0cc45f23973ea9c2f9dff": Ziling
"100dc756d1305d129a5a414bb184b054": ZN_yingshiku
"ff5ad06a4e117336873fa7695983309c": Zox
"48d09fb821ff3a2b396247e74bc69be5": Zox
"266fa15a62e28d015a7319395bf0f1e3": Zox1
"e09a228761f36fc4c53b868fcb46eb92": Zox1
"7f8e0f59af8b1255026714f0e0db1cca": Zox_free
"faf0548ca637f0c2212021d14ad677e4": Zzk
"c861b4832f817de8133714826abf6b4c": Zzk1